<?xml version="1.0" encoding="UTF-8"?>
<testng-results ignored="0" total="1" passed="1" failed="0" skipped="0">
  <reporter-output>
  </reporter-output>
  <suite started-at="2023-02-20T20:37:01 IST" name="Default suite" finished-at="2023-02-20T20:38:08 IST" duration-ms="67647">
    <groups>
    </groups>
    <test started-at="2023-02-20T20:37:01 IST" name="Default test" finished-at="2023-02-20T20:38:08 IST" duration-ms="67647">
      <class name="Project.Flipkart.Flipkart">
        <test-method signature="to_Buy_Product()[pri:0, instance:Project.Flipkart.Flipkart@38c6f217]" started-at="2023-02-20T20:37:01 IST" name="to_Buy_Product" finished-at="2023-02-20T20:38:08 IST" duration-ms="67398" status="PASS">
          <reporter-output>
          </reporter-output>
        </test-method> <!-- to_Buy_Product -->
      </class> <!-- Project.Flipkart.Flipkart -->
    </test> <!-- Default test -->
  </suite> <!-- Default suite -->
</testng-results>
